This file contains any messages produced by compilers while
running configure, to aid debugging if configure makes a mistake.

It was created by faac configure 1.29.9.2, which was
generated by GNU Autoconf 2.69.  Invocation command line was

  $ ./configure 

## --------- ##
## Platform. ##
## --------- ##

hostname = nongchengqideMacBook-Pro-2.local
uname -m = x86_64
uname -r = 21.5.0
uname -s = Darwin
uname -v = Darwin Kernel Version 21.5.0: Tue Apr 26 21:08:22 PDT 2022; root:xnu-8020.121.3~4/RELEASE_X86_64

/usr/bin/uname -p = i386
/bin/uname -X     = unknown

/bin/arch              = unknown
/usr/bin/arch -k       = unknown
/usr/convex/getsysinfo = unknown
/usr/bin/hostinfo      = Mach kernel version:
	 Darwin Kernel Version 21.5.0: Tue Apr 26 21:08:22 PDT 2022; root:xnu-8020.121.3~4/RELEASE_X86_64
Kernel configured for up to 8 processors.
4 processors are physically available.
8 processors are logically available.
Processor type: x86_64h (Intel x86-64h Haswell)
Processors active: 0 1 2 3 4 5 6 7
Primary memory available: 16.00 gigabytes
Default processor set: 446 tasks, 2088 threads, 8 processors
Load average: 1.68, Mach factor: 6.30
/bin/machine           = unknown
/usr/bin/oslevel       = unknown
/bin/universe          = unknown

PATH: /Users/nongchengqi/flutterenv/flutter/bin
PATH: /usr/local/bin
PATH: /usr/bin
PATH: /bin
PATH: /usr/sbin
PATH: /sbin
PATH: /Applications/VMware Fusion.app/Contents/Public
PATH: /Library/Apple/usr/bin
PATH: /Users/nongchengqi/Library/Android/sdk/tools
PATH: /Users/nongchengqi/Library/Android/sdk/platform-tools


## ----------- ##
## Core tests. ##
## ----------- ##

configure:2572: checking for a BSD-compatible install
configure:2640: result: /usr/bin/install -c
configure:2651: checking whether build environment is sane
configure:2706: result: yes
configure:2857: checking for a thread-safe mkdir -p
configure:2896: result: ./install-sh -c -d
configure:2903: checking for gawk
configure:2933: result: no
configure:2903: checking for mawk
configure:2933: result: no
configure:2903: checking for nawk
configure:2933: result: no
configure:2903: checking for awk
configure:2919: found /usr/bin/awk
configure:2930: result: awk
configure:2941: checking whether make sets $(MAKE)
configure:2963: result: yes
configure:2992: checking whether make supports nested variables
configure:3009: result: yes
configure:3201: checking for gcc
configure:3217: found /usr/bin/gcc
configure:3228: result: gcc
configure:3457: checking for C compiler version
configure:3466: gcc --version >&5
Apple clang version 13.1.6 (clang-1316.0.21.2.5)
Target: x86_64-apple-darwin21.5.0
Thread model: posix
InstalledDir: /Applications/Xcode.app/Contents/Developer/Toolchains/XcodeDefault.xctoolchain/usr/bin
configure:3477: $? = 0
configure:3466: gcc -v >&5
Apple clang version 13.1.6 (clang-1316.0.21.2.5)
Target: x86_64-apple-darwin21.5.0
Thread model: posix
InstalledDir: /Applications/Xcode.app/Contents/Developer/Toolchains/XcodeDefault.xctoolchain/usr/bin
configure:3477: $? = 0
configure:3466: gcc -V >&5
clang: error: argument to '-V' is missing (expected 1 value)
clang: error: no input files
configure:3477: $? = 1
configure:3466: gcc -qversion >&5
clang: error: unknown argument '-qversion'; did you mean '--version'?
clang: error: no input files
configure:3477: $? = 1
configure:3497: checking whether the C compiler works
configure:3519: gcc -O2 -Wall -fexceptions   conftest.c  >&5
configure:3523: $? = 0
configure:3571: result: yes
configure:3574: checking for C compiler default output file name
configure:3576: result: a.out
configure:3582: checking for suffix of executables
configure:3589: gcc -o conftest -O2 -Wall -fexceptions   conftest.c  >&5
configure:3593: $? = 0
configure:3615: result: 
configure:3637: checking whether we are cross compiling
configure:3645: gcc -o conftest -O2 -Wall -fexceptions   conftest.c  >&5
configure:3649: $? = 0
configure:3656: ./conftest
configure:3660: $? = 0
configure:3675: result: no
configure:3680: checking for suffix of object files
configure:3702: gcc -c -O2 -Wall -fexceptions  conftest.c >&5
configure:3706: $? = 0
configure:3727: result: o
configure:3731: checking whether we are using the GNU C compiler
configure:3750: gcc -c -O2 -Wall -fexceptions  conftest.c >&5
configure:3750: $? = 0
configure:3759: result: yes
configure:3768: checking whether gcc accepts -g
configure:3788: gcc -c -g  conftest.c >&5
configure:3788: $? = 0
configure:3829: result: yes
configure:3846: checking for gcc option to accept ISO C89
configure:3909: gcc  -c -O2 -Wall -fexceptions  conftest.c >&5
configure:3909: $? = 0
configure:3922: result: none needed
configure:3947: checking whether gcc understands -c and -o together
configure:3969: gcc -c conftest.c -o conftest2.o
configure:3972: $? = 0
configure:3969: gcc -c conftest.c -o conftest2.o
configure:3972: $? = 0
configure:3984: result: yes
configure:4012: checking for style of include used by make
configure:4040: result: GNU
configure:4066: checking dependency style of gcc
configure:4177: result: gcc3
configure:4250: checking for g++
configure:4266: found /usr/bin/g++
configure:4277: result: g++
configure:4304: checking for C++ compiler version
configure:4313: g++ --version >&5
Apple clang version 13.1.6 (clang-1316.0.21.2.5)
Target: x86_64-apple-darwin21.5.0
Thread model: posix
InstalledDir: /Applications/Xcode.app/Contents/Developer/Toolchains/XcodeDefault.xctoolchain/usr/bin
configure:4324: $? = 0
configure:4313: g++ -v >&5
Apple clang version 13.1.6 (clang-1316.0.21.2.5)
Target: x86_64-apple-darwin21.5.0
Thread model: posix
InstalledDir: /Applications/Xcode.app/Contents/Developer/Toolchains/XcodeDefault.xctoolchain/usr/bin
configure:4324: $? = 0
configure:4313: g++ -V >&5
clang: error: argument to '-V' is missing (expected 1 value)
clang: error: no input files
configure:4324: $? = 1
configure:4313: g++ -qversion >&5
clang: error: unknown argument '-qversion'; did you mean '--version'?
clang: error: no input files
configure:4324: $? = 1
configure:4328: checking whether we are using the GNU C++ compiler
configure:4347: g++ -c   conftest.cpp >&5
configure:4347: $? = 0
configure:4356: result: yes
configure:4365: checking whether g++ accepts -g
configure:4385: g++ -c -g  conftest.cpp >&5
configure:4385: $? = 0
configure:4426: result: yes
configure:4451: checking dependency style of g++
configure:4562: result: gcc3
configure:4606: checking build system type
configure:4620: result: x86_64-apple-darwin21.5.0
configure:4640: checking host system type
configure:4653: result: x86_64-apple-darwin21.5.0
configure:4694: checking how to print strings
configure:4721: result: printf
configure:4742: checking for a sed that does not truncate output
configure:4806: result: /usr/bin/sed
configure:4824: checking for grep that handles long lines and -e
configure:4882: result: /usr/bin/grep
configure:4887: checking for egrep
configure:4949: result: /usr/bin/grep -E
configure:4954: checking for fgrep
configure:5016: result: /usr/bin/grep -F
configure:5051: checking for ld used by gcc
configure:5118: result: /Applications/Xcode.app/Contents/Developer/Toolchains/XcodeDefault.xctoolchain/usr/bin/ld
configure:5125: checking if the linker (/Applications/Xcode.app/Contents/Developer/Toolchains/XcodeDefault.xctoolchain/usr/bin/ld) is GNU ld
configure:5140: result: no
configure:5152: checking for BSD- or MS-compatible name lister (nm)
configure:5206: result: /usr/bin/nm -B
configure:5336: checking the name lister (/usr/bin/nm -B) interface
configure:5343: gcc -c -O2 -Wall -fexceptions  conftest.c >&5
configure:5346: /usr/bin/nm -B "conftest.o"
configure:5349: output
0000000000000000 S _some_variable
configure:5356: result: BSD nm
configure:5359: checking whether ln -s works
configure:5363: result: yes
configure:5371: checking the maximum length of command line arguments
configure:5502: result: 786432
configure:5550: checking how to convert x86_64-apple-darwin21.5.0 file names to x86_64-apple-darwin21.5.0 format
configure:5590: result: func_convert_file_noop
configure:5597: checking how to convert x86_64-apple-darwin21.5.0 file names to toolchain format
configure:5617: result: func_convert_file_noop
configure:5624: checking for /Applications/Xcode.app/Contents/Developer/Toolchains/XcodeDefault.xctoolchain/usr/bin/ld option to reload object files
configure:5631: result: -r
configure:5705: checking for objdump
configure:5721: found /usr/bin/objdump
configure:5732: result: objdump
configure:5764: checking how to recognize dependent libraries
configure:5964: result: pass_all
configure:6049: checking for dlltool
configure:6079: result: no
configure:6109: checking how to associate runtime and link libraries
configure:6136: result: printf %s\n
configure:6197: checking for ar
configure:6213: found /usr/bin/ar
configure:6224: result: ar
configure:6261: checking for archiver @FILE support
configure:6278: gcc -c -O2 -Wall -fexceptions  conftest.c >&5
configure:6278: $? = 0
configure:6281: ar cru libconftest.a @conftest.lst >&5
ar: @conftest.lst: No such file or directory
configure:6284: $? = 1
configure:6304: result: no
configure:6362: checking for strip
configure:6378: found /usr/bin/strip
configure:6389: result: strip
configure:6461: checking for ranlib
configure:6477: found /usr/bin/ranlib
configure:6488: result: ranlib
configure:6590: checking command to parse /usr/bin/nm -B output from gcc object
configure:6743: gcc -c -O2 -Wall -fexceptions  conftest.c >&5
configure:6746: $? = 0
configure:6750: /usr/bin/nm -B conftest.o \| sed -n -e 's/^.*[ ]\([ABCDGIRSTW][ABCDGIRSTW]*\)[ ][ ]*\([_A-Za-z][_A-Za-z0-9]*\)$/\1 \2 \2/p' | sed '/ __gnu_lto/d' \> conftest.nm
configure:6753: $? = 0
cannot find nm_test_var in conftest.nm
configure:6743: gcc -c -O2 -Wall -fexceptions  conftest.c >&5
configure:6746: $? = 0
configure:6750: /usr/bin/nm -B conftest.o \| sed -n -e 's/^.*[ ]\([ABCDGIRSTW][ABCDGIRSTW]*\)[ ][ ]*_\([_A-Za-z][_A-Za-z0-9]*\)$/\1 _\2 \2/p' | sed '/ __gnu_lto/d' \> conftest.nm
configure:6753: $? = 0
configure:6819: gcc -o conftest -O2 -Wall -fexceptions   conftest.c conftstm.o >&5
configure:6822: $? = 0
configure:6860: result: ok
configure:6907: checking for sysroot
configure:6937: result: no
configure:6944: checking for a working dd
configure:6982: result: /bin/dd
configure:6986: checking how to truncate binary pipes
configure:7001: result: /bin/dd bs=4096 count=1
configure:7330: checking for mt
configure:7360: result: no
configure:7380: checking if : is a manifest tool
configure:7386: : '-?'
configure:7394: result: no
configure:7450: checking for dsymutil
configure:7466: found /usr/bin/dsymutil
configure:7477: result: dsymutil
configure:7542: checking for nmedit
configure:7558: found /usr/bin/nmedit
configure:7569: result: nmedit
configure:7634: checking for lipo
configure:7650: found /usr/bin/lipo
configure:7661: result: lipo
configure:7726: checking for otool
configure:7742: found /usr/bin/otool
configure:7753: result: otool
configure:7818: checking for otool64
configure:7848: result: no
configure:7893: checking for -single_module linker flag
gcc -O2 -Wall -fexceptions  -o libconftest.dylib -dynamiclib -Wl,-single_module conftest.c
configure:7926: result: yes
configure:7929: checking for -exported_symbols_list linker flag
configure:7949: gcc -o conftest -O2 -Wall -fexceptions   -Wl,-exported_symbols_list,conftest.sym conftest.c  >&5
configure:7949: $? = 0
configure:7959: result: yes
configure:7962: checking for -force_load linker flag
gcc -O2 -Wall -fexceptions -c -o conftest.o conftest.c
ar cru libconftest.a conftest.o
ranlib libconftest.a
gcc -O2 -Wall -fexceptions  -o conftest conftest.c -Wl,-force_load,./libconftest.a
configure:7994: result: yes
configure:8071: checking how to run the C preprocessor
configure:8102: gcc -E  conftest.c
configure:8102: $? = 0
configure:8116: gcc -E  conftest.c
conftest.c:11:10: fatal error: 'ac_nonexistent.h' file not found
#include <ac_nonexistent.h>
         ^~~~~~~~~~~~~~~~~~
1 error generated.
configure:8116: $? = 1
configure: failed program was:
| /* confdefs.h */
| #define PACKAGE_NAME "faac"
| #define PACKAGE_TARNAME "faac"
| #define PACKAGE_VERSION "1.29.9.2"
| #define PACKAGE_STRING "faac 1.29.9.2"
| #define PACKAGE_BUGREPORT "https://sourceforge.net/p/faac/bugs/"
| #define PACKAGE_URL ""
| #define PACKAGE "faac"
| #define VERSION "1.29.9.2"
| /* end confdefs.h.  */
| #include <ac_nonexistent.h>
configure:8141: result: gcc -E
configure:8161: gcc -E  conftest.c
configure:8161: $? = 0
configure:8175: gcc -E  conftest.c
conftest.c:11:10: fatal error: 'ac_nonexistent.h' file not found
#include <ac_nonexistent.h>
         ^~~~~~~~~~~~~~~~~~
1 error generated.
configure:8175: $? = 1
configure: failed program was:
| /* confdefs.h */
| #define PACKAGE_NAME "faac"
| #define PACKAGE_TARNAME "faac"
| #define PACKAGE_VERSION "1.29.9.2"
| #define PACKAGE_STRING "faac 1.29.9.2"
| #define PACKAGE_BUGREPORT "https://sourceforge.net/p/faac/bugs/"
| #define PACKAGE_URL ""
| #define PACKAGE "faac"
| #define VERSION "1.29.9.2"
| /* end confdefs.h.  */
| #include <ac_nonexistent.h>
configure:8204: checking for ANSI C header files
configure:8224: gcc -c -O2 -Wall -fexceptions  conftest.c >&5
configure:8224: $? = 0
configure:8297: gcc -o conftest -O2 -Wall -fexceptions   conftest.c  >&5
configure:8297: $? = 0
configure:8297: ./conftest
configure:8297: $? = 0
configure:8308: result: yes
configure:8321: checking for sys/types.h
configure:8321: gcc -c -O2 -Wall -fexceptions  conftest.c >&5
configure:8321: $? = 0
configure:8321: result: yes
configure:8321: checking for sys/stat.h
configure:8321: gcc -c -O2 -Wall -fexceptions  conftest.c >&5
configure:8321: $? = 0
configure:8321: result: yes
configure:8321: checking for stdlib.h
configure:8321: gcc -c -O2 -Wall -fexceptions  conftest.c >&5
configure:8321: $? = 0
configure:8321: result: yes
configure:8321: checking for string.h
configure:8321: gcc -c -O2 -Wall -fexceptions  conftest.c >&5
configure:8321: $? = 0
configure:8321: result: yes
configure:8321: checking for memory.h
configure:8321: gcc -c -O2 -Wall -fexceptions  conftest.c >&5
configure:8321: $? = 0
configure:8321: result: yes
configure:8321: checking for strings.h
configure:8321: gcc -c -O2 -Wall -fexceptions  conftest.c >&5
configure:8321: $? = 0
configure:8321: result: yes
configure:8321: checking for inttypes.h
configure:8321: gcc -c -O2 -Wall -fexceptions  conftest.c >&5
configure:8321: $? = 0
configure:8321: result: yes
configure:8321: checking for stdint.h
configure:8321: gcc -c -O2 -Wall -fexceptions  conftest.c >&5
configure:8321: $? = 0
configure:8321: result: yes
configure:8321: checking for unistd.h
configure:8321: gcc -c -O2 -Wall -fexceptions  conftest.c >&5
configure:8321: $? = 0
configure:8321: result: yes
configure:8335: checking for dlfcn.h
configure:8335: gcc -c -O2 -Wall -fexceptions  conftest.c >&5
configure:8335: $? = 0
configure:8335: result: yes
configure:8602: checking for objdir
configure:8617: result: .libs
configure:8877: checking if gcc supports -fno-rtti -fno-exceptions
configure:8895: gcc -c -O2 -Wall -fexceptions  -fno-rtti -fno-exceptions conftest.c >&5
configure:8899: $? = 0
configure:8912: result: yes
configure:9270: checking for gcc option to produce PIC
configure:9277: result: -fno-common -DPIC
configure:9285: checking if gcc PIC flag -fno-common -DPIC works
configure:9303: gcc -c -O2 -Wall -fexceptions  -fno-common -DPIC -DPIC conftest.c >&5
configure:9307: $? = 0
configure:9320: result: yes
configure:9349: checking if gcc static flag -static works
configure:9377: result: no
configure:9392: checking if gcc supports -c -o file.o
configure:9413: gcc -c -O2 -Wall -fexceptions  -o out/conftest2.o conftest.c >&5
configure:9417: $? = 0
configure:9439: result: yes
configure:9447: checking if gcc supports -c -o file.o
configure:9494: result: yes
configure:9527: checking whether the gcc linker (/Applications/Xcode.app/Contents/Developer/Toolchains/XcodeDefault.xctoolchain/usr/bin/ld) supports shared libraries
configure:10790: result: yes
configure:11030: checking dynamic linker characteristics
configure:11860: result: darwin21.5.0 dyld
configure:11982: checking how to hardcode library paths into programs
configure:12007: result: immediate
configure:12555: checking whether stripping libraries is possible
configure:12569: result: yes
configure:12595: checking if libtool supports shared libraries
configure:12597: result: yes
configure:12600: checking whether to build shared libraries
configure:12625: result: yes
configure:12628: checking whether to build static libraries
configure:12632: result: yes
configure:12655: checking how to run the C++ preprocessor
configure:12682: g++ -E  conftest.cpp
configure:12682: $? = 0
configure:12696: g++ -E  conftest.cpp
conftest.cpp:23:10: fatal error: 'ac_nonexistent.h' file not found
#include <ac_nonexistent.h>
         ^~~~~~~~~~~~~~~~~~
1 error generated.
configure:12696: $? = 1
configure: failed program was:
| /* confdefs.h */
| #define PACKAGE_NAME "faac"
| #define PACKAGE_TARNAME "faac"
| #define PACKAGE_VERSION "1.29.9.2"
| #define PACKAGE_STRING "faac 1.29.9.2"
| #define PACKAGE_BUGREPORT "https://sourceforge.net/p/faac/bugs/"
| #define PACKAGE_URL ""
| #define PACKAGE "faac"
| #define VERSION "1.29.9.2"
| #define STDC_HEADERS 1
| #define HAVE_SYS_TYPES_H 1
| #define HAVE_SYS_STAT_H 1
| #define HAVE_STDLIB_H 1
| #define HAVE_STRING_H 1
| #define HAVE_MEMORY_H 1
| #define HAVE_STRINGS_H 1
| #define HAVE_INTTYPES_H 1
| #define HAVE_STDINT_H 1
| #define HAVE_UNISTD_H 1
| #define HAVE_DLFCN_H 1
| #define LT_OBJDIR ".libs/"
| /* end confdefs.h.  */
| #include <ac_nonexistent.h>
configure:12721: result: g++ -E
configure:12741: g++ -E  conftest.cpp
configure:12741: $? = 0
configure:12755: g++ -E  conftest.cpp
conftest.cpp:23:10: fatal error: 'ac_nonexistent.h' file not found
#include <ac_nonexistent.h>
         ^~~~~~~~~~~~~~~~~~
1 error generated.
configure:12755: $? = 1
configure: failed program was:
| /* confdefs.h */
| #define PACKAGE_NAME "faac"
| #define PACKAGE_TARNAME "faac"
| #define PACKAGE_VERSION "1.29.9.2"
| #define PACKAGE_STRING "faac 1.29.9.2"
| #define PACKAGE_BUGREPORT "https://sourceforge.net/p/faac/bugs/"
| #define PACKAGE_URL ""
| #define PACKAGE "faac"
| #define VERSION "1.29.9.2"
| #define STDC_HEADERS 1
| #define HAVE_SYS_TYPES_H 1
| #define HAVE_SYS_STAT_H 1
| #define HAVE_STDLIB_H 1
| #define HAVE_STRING_H 1
| #define HAVE_MEMORY_H 1
| #define HAVE_STRINGS_H 1
| #define HAVE_INTTYPES_H 1
| #define HAVE_STDINT_H 1
| #define HAVE_UNISTD_H 1
| #define HAVE_DLFCN_H 1
| #define LT_OBJDIR ".libs/"
| /* end confdefs.h.  */
| #include <ac_nonexistent.h>
configure:12917: checking for ld used by g++
configure:12984: result: /Applications/Xcode.app/Contents/Developer/Toolchains/XcodeDefault.xctoolchain/usr/bin/ld
configure:12991: checking if the linker (/Applications/Xcode.app/Contents/Developer/Toolchains/XcodeDefault.xctoolchain/usr/bin/ld) is GNU ld
configure:13006: result: no
configure:13061: checking whether the g++ linker (/Applications/Xcode.app/Contents/Developer/Toolchains/XcodeDefault.xctoolchain/usr/bin/ld) supports shared libraries
configure:14134: result: yes
configure:14170: g++ -c -g -O2  conftest.cpp >&5
configure:14173: $? = 0
configure:14654: checking for g++ option to produce PIC
configure:14661: result: -fno-common -DPIC
configure:14669: checking if g++ PIC flag -fno-common -DPIC works
configure:14687: g++ -c -g -O2  -fno-common -DPIC -DPIC conftest.cpp >&5
configure:14691: $? = 0
configure:14704: result: yes
configure:14727: checking if g++ static flag -static works
configure:14755: result: no
configure:14767: checking if g++ supports -c -o file.o
configure:14788: g++ -c -g -O2  -o out/conftest2.o conftest.cpp >&5
configure:14792: $? = 0
configure:14814: result: yes
configure:14819: checking if g++ supports -c -o file.o
configure:14866: result: yes
configure:14896: checking whether the g++ linker (/Applications/Xcode.app/Contents/Developer/Toolchains/XcodeDefault.xctoolchain/usr/bin/ld) supports shared libraries
configure:14939: result: yes
configure:15080: checking dynamic linker characteristics
configure:15837: result: darwin21.5.0 dyld
configure:15902: checking how to hardcode library paths into programs
configure:15927: result: immediate
configure:15992: checking getopt.h usability
configure:15992: gcc -c -O2 -Wall -fexceptions  conftest.c >&5
configure:15992: $? = 0
configure:15992: result: yes
configure:15992: checking getopt.h presence
configure:15992: gcc -E  conftest.c
configure:15992: $? = 0
configure:15992: result: yes
configure:15992: checking for getopt.h
configure:15992: result: yes
configure:15992: checking immintrin.h usability
configure:15992: gcc -c -O2 -Wall -fexceptions  conftest.c >&5
configure:15992: $? = 0
configure:15992: result: yes
configure:15992: checking immintrin.h presence
configure:15992: gcc -E  conftest.c
configure:15992: $? = 0
configure:15992: result: yes
configure:15992: checking for immintrin.h
configure:15992: result: yes
configure:16003: checking whether strcasecmp is declared
configure:16003: gcc -c -O2 -Wall -fexceptions  conftest.c >&5
configure:16003: $? = 0
configure:16003: result: yes
configure:16011: checking for getopt_long in -lgnugetopt
configure:16036: gcc -o conftest -O2 -Wall -fexceptions   conftest.c -lgnugetopt   >&5
ld: library not found for -lgnugetopt
clang: error: linker command failed with exit code 1 (use -v to see invocation)
configure:16036: $? = 1
configure: failed program was:
| /* confdefs.h */
| #define PACKAGE_NAME "faac"
| #define PACKAGE_TARNAME "faac"
| #define PACKAGE_VERSION "1.29.9.2"
| #define PACKAGE_STRING "faac 1.29.9.2"
| #define PACKAGE_BUGREPORT "https://sourceforge.net/p/faac/bugs/"
| #define PACKAGE_URL ""
| #define PACKAGE "faac"
| #define VERSION "1.29.9.2"
| #define STDC_HEADERS 1
| #define HAVE_SYS_TYPES_H 1
| #define HAVE_SYS_STAT_H 1
| #define HAVE_STDLIB_H 1
| #define HAVE_STRING_H 1
| #define HAVE_MEMORY_H 1
| #define HAVE_STRINGS_H 1
| #define HAVE_INTTYPES_H 1
| #define HAVE_STDINT_H 1
| #define HAVE_UNISTD_H 1
| #define HAVE_DLFCN_H 1
| #define LT_OBJDIR ".libs/"
| #define HAVE_GETOPT_H 1
| #define HAVE_IMMINTRIN_H 1
| #define HAVE_STRCASECMP 1
| /* end confdefs.h.  */
| 
| /* Override any GCC internal prototype to avoid an error.
|    Use char because int might match the return type of a GCC
|    builtin and then its argument prototype would still apply.  */
| #ifdef __cplusplus
| extern "C"
| #endif
| char getopt_long ();
| int
| main ()
| {
| return getopt_long ();
|   ;
|   return 0;
| }
configure:16045: result: no
configure:16141: checking for windres
configure:16171: result: no
configure:16191: checking whether byte ordering is bigendian
configure:16206: gcc -c -O2 -Wall -fexceptions  conftest.c >&5
configure:16206: $? = 0
configure:16251: gcc -c -O2 -Wall -fexceptions  conftest.c >&5
configure:16251: $? = 0
configure:16269: gcc -c -O2 -Wall -fexceptions  conftest.c >&5
conftest.c:33:4: error: use of undeclared identifier 'not'
                 not big endian
                 ^
1 error generated.
configure:16269: $? = 1
configure: failed program was:
| /* confdefs.h */
| #define PACKAGE_NAME "faac"
| #define PACKAGE_TARNAME "faac"
| #define PACKAGE_VERSION "1.29.9.2"
| #define PACKAGE_STRING "faac 1.29.9.2"
| #define PACKAGE_BUGREPORT "https://sourceforge.net/p/faac/bugs/"
| #define PACKAGE_URL ""
| #define PACKAGE "faac"
| #define VERSION "1.29.9.2"
| #define STDC_HEADERS 1
| #define HAVE_SYS_TYPES_H 1
| #define HAVE_SYS_STAT_H 1
| #define HAVE_STDLIB_H 1
| #define HAVE_STRING_H 1
| #define HAVE_MEMORY_H 1
| #define HAVE_STRINGS_H 1
| #define HAVE_INTTYPES_H 1
| #define HAVE_STDINT_H 1
| #define HAVE_UNISTD_H 1
| #define HAVE_DLFCN_H 1
| #define LT_OBJDIR ".libs/"
| #define HAVE_GETOPT_H 1
| #define HAVE_IMMINTRIN_H 1
| #define HAVE_STRCASECMP 1
| /* end confdefs.h.  */
| #include <sys/types.h>
| 		#include <sys/param.h>
| 
| int
| main ()
| {
| #if BYTE_ORDER != BIG_ENDIAN
| 		 not big endian
| 		#endif
| 
|   ;
|   return 0;
| }
configure:16397: result: no
configure:16416: checking for ANSI C header files
configure:16520: result: yes
configure:16535: checking for special C compiler options needed for large files
configure:16580: result: no
configure:16586: checking for _FILE_OFFSET_BITS value needed for large files
configure:16611: gcc -c -O2 -Wall -fexceptions  conftest.c >&5
configure:16611: $? = 0
configure:16643: result: no
configure:16731: checking for stdint.h
configure:16731: result: yes
configure:16731: checking for inttypes.h
configure:16731: result: yes
configure:16743: checking mathf.h usability
configure:16743: gcc -c -O2 -Wall -fexceptions  conftest.c >&5
conftest.c:62:10: fatal error: 'mathf.h' file not found
#include <mathf.h>
         ^~~~~~~~~
1 error generated.
configure:16743: $? = 1
configure: failed program was:
| /* confdefs.h */
| #define PACKAGE_NAME "faac"
| #define PACKAGE_TARNAME "faac"
| #define PACKAGE_VERSION "1.29.9.2"
| #define PACKAGE_STRING "faac 1.29.9.2"
| #define PACKAGE_BUGREPORT "https://sourceforge.net/p/faac/bugs/"
| #define PACKAGE_URL ""
| #define PACKAGE "faac"
| #define VERSION "1.29.9.2"
| #define STDC_HEADERS 1
| #define HAVE_SYS_TYPES_H 1
| #define HAVE_SYS_STAT_H 1
| #define HAVE_STDLIB_H 1
| #define HAVE_STRING_H 1
| #define HAVE_MEMORY_H 1
| #define HAVE_STRINGS_H 1
| #define HAVE_INTTYPES_H 1
| #define HAVE_STDINT_H 1
| #define HAVE_UNISTD_H 1
| #define HAVE_DLFCN_H 1
| #define LT_OBJDIR ".libs/"
| #define HAVE_GETOPT_H 1
| #define HAVE_IMMINTRIN_H 1
| #define HAVE_STRCASECMP 1
| #define STDC_HEADERS 1
| #define HAVE_STDINT_H 1
| #define HAVE_INTTYPES_H 1
| /* end confdefs.h.  */
| #include <stdio.h>
| #ifdef HAVE_SYS_TYPES_H
| # include <sys/types.h>
| #endif
| #ifdef HAVE_SYS_STAT_H
| # include <sys/stat.h>
| #endif
| #ifdef STDC_HEADERS
| # include <stdlib.h>
| # include <stddef.h>
| #else
| # ifdef HAVE_STDLIB_H
| #  include <stdlib.h>
| # endif
| #endif
| #ifdef HAVE_STRING_H
| # if !defined STDC_HEADERS && defined HAVE_MEMORY_H
| #  include <memory.h>
| # endif
| # include <string.h>
| #endif
| #ifdef HAVE_STRINGS_H
| # include <strings.h>
| #endif
| #ifdef HAVE_INTTYPES_H
| # include <inttypes.h>
| #endif
| #ifdef HAVE_STDINT_H
| # include <stdint.h>
| #endif
| #ifdef HAVE_UNISTD_H
| # include <unistd.h>
| #endif
| #include <mathf.h>
configure:16743: result: no
configure:16743: checking mathf.h presence
configure:16743: gcc -E  conftest.c
conftest.c:29:10: fatal error: 'mathf.h' file not found
#include <mathf.h>
         ^~~~~~~~~
1 error generated.
configure:16743: $? = 1
configure: failed program was:
| /* confdefs.h */
| #define PACKAGE_NAME "faac"
| #define PACKAGE_TARNAME "faac"
| #define PACKAGE_VERSION "1.29.9.2"
| #define PACKAGE_STRING "faac 1.29.9.2"
| #define PACKAGE_BUGREPORT "https://sourceforge.net/p/faac/bugs/"
| #define PACKAGE_URL ""
| #define PACKAGE "faac"
| #define VERSION "1.29.9.2"
| #define STDC_HEADERS 1
| #define HAVE_SYS_TYPES_H 1
| #define HAVE_SYS_STAT_H 1
| #define HAVE_STDLIB_H 1
| #define HAVE_STRING_H 1
| #define HAVE_MEMORY_H 1
| #define HAVE_STRINGS_H 1
| #define HAVE_INTTYPES_H 1
| #define HAVE_STDINT_H 1
| #define HAVE_UNISTD_H 1
| #define HAVE_DLFCN_H 1
| #define LT_OBJDIR ".libs/"
| #define HAVE_GETOPT_H 1
| #define HAVE_IMMINTRIN_H 1
| #define HAVE_STRCASECMP 1
| #define STDC_HEADERS 1
| #define HAVE_STDINT_H 1
| #define HAVE_INTTYPES_H 1
| /* end confdefs.h.  */
| #include <mathf.h>
configure:16743: result: no
configure:16743: checking for mathf.h
configure:16743: result: no
configure:16755: checking float.h usability
configure:16755: gcc -c -O2 -Wall -fexceptions  conftest.c >&5
configure:16755: $? = 0
configure:16755: result: yes
configure:16755: checking float.h presence
configure:16755: gcc -E  conftest.c
configure:16755: $? = 0
configure:16755: result: yes
configure:16755: checking for float.h
configure:16755: result: yes
configure:16765: checking whether strchr is declared
configure:16765: gcc -c -O2 -Wall -fexceptions  conftest.c >&5
configure:16765: $? = 0
configure:16765: result: yes
configure:16772: checking whether memcpy is declared
configure:16772: gcc -c -O2 -Wall -fexceptions  conftest.c >&5
configure:16772: $? = 0
configure:16772: result: yes
configure:16779: checking whether strsep is declared
configure:16779: gcc -c -O2 -Wall -fexceptions  conftest.c >&5
configure:16779: $? = 0
configure:16779: result: yes
configure:16788: checking sys/time.h usability
configure:16788: gcc -c -O2 -Wall -fexceptions  conftest.c >&5
configure:16788: $? = 0
configure:16788: result: yes
configure:16788: checking sys/time.h presence
configure:16788: gcc -E  conftest.c
configure:16788: $? = 0
configure:16788: result: yes
configure:16788: checking for sys/time.h
configure:16788: result: yes
configure:16798: checking whether time.h and sys/time.h may both be included
configure:16818: gcc -c -O2 -Wall -fexceptions  conftest.c >&5
configure:16818: $? = 0
configure:16825: result: yes
configure:16833: checking for off_t
configure:16833: gcc -c -O2 -Wall -fexceptions  conftest.c >&5
configure:16833: $? = 0
configure:16833: gcc -c -O2 -Wall -fexceptions  conftest.c >&5
conftest.c:71:20: error: expected expression
if (sizeof ((off_t)))
                   ^
1 error generated.
configure:16833: $? = 1
configure: failed program was:
| /* confdefs.h */
| #define PACKAGE_NAME "faac"
| #define PACKAGE_TARNAME "faac"
| #define PACKAGE_VERSION "1.29.9.2"
| #define PACKAGE_STRING "faac 1.29.9.2"
| #define PACKAGE_BUGREPORT "https://sourceforge.net/p/faac/bugs/"
| #define PACKAGE_URL ""
| #define PACKAGE "faac"
| #define VERSION "1.29.9.2"
| #define STDC_HEADERS 1
| #define HAVE_SYS_TYPES_H 1
| #define HAVE_SYS_STAT_H 1
| #define HAVE_STDLIB_H 1
| #define HAVE_STRING_H 1
| #define HAVE_MEMORY_H 1
| #define HAVE_STRINGS_H 1
| #define HAVE_INTTYPES_H 1
| #define HAVE_STDINT_H 1
| #define HAVE_UNISTD_H 1
| #define HAVE_DLFCN_H 1
| #define LT_OBJDIR ".libs/"
| #define HAVE_GETOPT_H 1
| #define HAVE_IMMINTRIN_H 1
| #define HAVE_STRCASECMP 1
| #define STDC_HEADERS 1
| #define HAVE_STDINT_H 1
| #define HAVE_INTTYPES_H 1
| #define HAVE_FLOAT_H 1
| #define HAVE_STRCHR 1
| #define HAVE_MEMCPY 1
| #define HAVE_STRSEP 1
| #define HAVE_SYS_TIME_H 1
| #define TIME_WITH_SYS_TIME 1
| /* end confdefs.h.  */
| #include <stdio.h>
| #ifdef HAVE_SYS_TYPES_H
| # include <sys/types.h>
| #endif
| #ifdef HAVE_SYS_STAT_H
| # include <sys/stat.h>
| #endif
| #ifdef STDC_HEADERS
| # include <stdlib.h>
| # include <stddef.h>
| #else
| # ifdef HAVE_STDLIB_H
| #  include <stdlib.h>
| # endif
| #endif
| #ifdef HAVE_STRING_H
| # if !defined STDC_HEADERS && defined HAVE_MEMORY_H
| #  include <memory.h>
| # endif
| # include <string.h>
| #endif
| #ifdef HAVE_STRINGS_H
| # include <strings.h>
| #endif
| #ifdef HAVE_INTTYPES_H
| # include <inttypes.h>
| #endif
| #ifdef HAVE_STDINT_H
| # include <stdint.h>
| #endif
| #ifdef HAVE_UNISTD_H
| # include <unistd.h>
| #endif
| int
| main ()
| {
| if (sizeof ((off_t)))
| 	    return 0;
|   ;
|   return 0;
| }
configure:16833: result: yes
configure:16844: checking for in_port_t
configure:16844: gcc -c -O2 -Wall -fexceptions  conftest.c >&5
configure:16844: $? = 0
configure:16844: gcc -c -O2 -Wall -fexceptions  conftest.c >&5
conftest.c:42:24: error: expected expression
if (sizeof ((in_port_t)))
                       ^
1 error generated.
configure:16844: $? = 1
configure: failed program was:
| /* confdefs.h */
| #define PACKAGE_NAME "faac"
| #define PACKAGE_TARNAME "faac"
| #define PACKAGE_VERSION "1.29.9.2"
| #define PACKAGE_STRING "faac 1.29.9.2"
| #define PACKAGE_BUGREPORT "https://sourceforge.net/p/faac/bugs/"
| #define PACKAGE_URL ""
| #define PACKAGE "faac"
| #define VERSION "1.29.9.2"
| #define STDC_HEADERS 1
| #define HAVE_SYS_TYPES_H 1
| #define HAVE_SYS_STAT_H 1
| #define HAVE_STDLIB_H 1
| #define HAVE_STRING_H 1
| #define HAVE_MEMORY_H 1
| #define HAVE_STRINGS_H 1
| #define HAVE_INTTYPES_H 1
| #define HAVE_STDINT_H 1
| #define HAVE_UNISTD_H 1
| #define HAVE_DLFCN_H 1
| #define LT_OBJDIR ".libs/"
| #define HAVE_GETOPT_H 1
| #define HAVE_IMMINTRIN_H 1
| #define HAVE_STRCASECMP 1
| #define STDC_HEADERS 1
| #define HAVE_STDINT_H 1
| #define HAVE_INTTYPES_H 1
| #define HAVE_FLOAT_H 1
| #define HAVE_STRCHR 1
| #define HAVE_MEMCPY 1
| #define HAVE_STRSEP 1
| #define HAVE_SYS_TIME_H 1
| #define TIME_WITH_SYS_TIME 1
| /* end confdefs.h.  */
| #include <sys/types.h>
| 	 #include <sys/socket.h>
| 	 #include <netinet/in.h>
| 
| int
| main ()
| {
| if (sizeof ((in_port_t)))
| 	    return 0;
|   ;
|   return 0;
| }
configure:16844: result: yes
configure:16856: checking for socklen_t
configure:16856: gcc -c -O2 -Wall -fexceptions  conftest.c >&5
configure:16856: $? = 0
configure:16856: gcc -c -O2 -Wall -fexceptions  conftest.c >&5
conftest.c:43:24: error: expected expression
if (sizeof ((socklen_t)))
                       ^
1 error generated.
configure:16856: $? = 1
configure: failed program was:
| /* confdefs.h */
| #define PACKAGE_NAME "faac"
| #define PACKAGE_TARNAME "faac"
| #define PACKAGE_VERSION "1.29.9.2"
| #define PACKAGE_STRING "faac 1.29.9.2"
| #define PACKAGE_BUGREPORT "https://sourceforge.net/p/faac/bugs/"
| #define PACKAGE_URL ""
| #define PACKAGE "faac"
| #define VERSION "1.29.9.2"
| #define STDC_HEADERS 1
| #define HAVE_SYS_TYPES_H 1
| #define HAVE_SYS_STAT_H 1
| #define HAVE_STDLIB_H 1
| #define HAVE_STRING_H 1
| #define HAVE_MEMORY_H 1
| #define HAVE_STRINGS_H 1
| #define HAVE_INTTYPES_H 1
| #define HAVE_STDINT_H 1
| #define HAVE_UNISTD_H 1
| #define HAVE_DLFCN_H 1
| #define LT_OBJDIR ".libs/"
| #define HAVE_GETOPT_H 1
| #define HAVE_IMMINTRIN_H 1
| #define HAVE_STRCASECMP 1
| #define STDC_HEADERS 1
| #define HAVE_STDINT_H 1
| #define HAVE_INTTYPES_H 1
| #define HAVE_FLOAT_H 1
| #define HAVE_STRCHR 1
| #define HAVE_MEMCPY 1
| #define HAVE_STRSEP 1
| #define HAVE_SYS_TIME_H 1
| #define TIME_WITH_SYS_TIME 1
| #define HAVE_IN_PORT_T 1
| /* end confdefs.h.  */
| #include <sys/types.h>
| 	 #include <sys/socket.h>
| 	 #include <netinet/in.h>
| 
| int
| main ()
| {
| if (sizeof ((socklen_t)))
| 	    return 0;
|   ;
|   return 0;
| }
configure:16856: result: yes
configure:16869: checking for fpos_t.__pos
configure:16869: gcc -c -O2 -Wall -fexceptions  conftest.c >&5
conftest.c:43:12: error: member reference base type 'fpos_t' (aka 'long long') is not a structure or union
if (ac_aggr.__pos)
    ~~~~~~~^~~~~~
1 error generated.
configure:16869: $? = 1
configure: failed program was:
| /* confdefs.h */
| #define PACKAGE_NAME "faac"
| #define PACKAGE_TARNAME "faac"
| #define PACKAGE_VERSION "1.29.9.2"
| #define PACKAGE_STRING "faac 1.29.9.2"
| #define PACKAGE_BUGREPORT "https://sourceforge.net/p/faac/bugs/"
| #define PACKAGE_URL ""
| #define PACKAGE "faac"
| #define VERSION "1.29.9.2"
| #define STDC_HEADERS 1
| #define HAVE_SYS_TYPES_H 1
| #define HAVE_SYS_STAT_H 1
| #define HAVE_STDLIB_H 1
| #define HAVE_STRING_H 1
| #define HAVE_MEMORY_H 1
| #define HAVE_STRINGS_H 1
| #define HAVE_INTTYPES_H 1
| #define HAVE_STDINT_H 1
| #define HAVE_UNISTD_H 1
| #define HAVE_DLFCN_H 1
| #define LT_OBJDIR ".libs/"
| #define HAVE_GETOPT_H 1
| #define HAVE_IMMINTRIN_H 1
| #define HAVE_STRCASECMP 1
| #define STDC_HEADERS 1
| #define HAVE_STDINT_H 1
| #define HAVE_INTTYPES_H 1
| #define HAVE_FLOAT_H 1
| #define HAVE_STRCHR 1
| #define HAVE_MEMCPY 1
| #define HAVE_STRSEP 1
| #define HAVE_SYS_TIME_H 1
| #define TIME_WITH_SYS_TIME 1
| #define HAVE_IN_PORT_T 1
| #define HAVE_SOCKLEN_T 1
| /* end confdefs.h.  */
| #include <stdio.h>
| 
| int
| main ()
| {
| static fpos_t ac_aggr;
| if (ac_aggr.__pos)
| return 0;
|   ;
|   return 0;
| }
configure:16869: gcc -c -O2 -Wall -fexceptions  conftest.c >&5
conftest.c:43:19: error: member reference base type 'fpos_t' (aka 'long long') is not a structure or union
if (sizeof ac_aggr.__pos)
           ~~~~~~~^~~~~~
1 error generated.
configure:16869: $? = 1
configure: failed program was:
| /* confdefs.h */
| #define PACKAGE_NAME "faac"
| #define PACKAGE_TARNAME "faac"
| #define PACKAGE_VERSION "1.29.9.2"
| #define PACKAGE_STRING "faac 1.29.9.2"
| #define PACKAGE_BUGREPORT "https://sourceforge.net/p/faac/bugs/"
| #define PACKAGE_URL ""
| #define PACKAGE "faac"
| #define VERSION "1.29.9.2"
| #define STDC_HEADERS 1
| #define HAVE_SYS_TYPES_H 1
| #define HAVE_SYS_STAT_H 1
| #define HAVE_STDLIB_H 1
| #define HAVE_STRING_H 1
| #define HAVE_MEMORY_H 1
| #define HAVE_STRINGS_H 1
| #define HAVE_INTTYPES_H 1
| #define HAVE_STDINT_H 1
| #define HAVE_UNISTD_H 1
| #define HAVE_DLFCN_H 1
| #define LT_OBJDIR ".libs/"
| #define HAVE_GETOPT_H 1
| #define HAVE_IMMINTRIN_H 1
| #define HAVE_STRCASECMP 1
| #define STDC_HEADERS 1
| #define HAVE_STDINT_H 1
| #define HAVE_INTTYPES_H 1
| #define HAVE_FLOAT_H 1
| #define HAVE_STRCHR 1
| #define HAVE_MEMCPY 1
| #define HAVE_STRSEP 1
| #define HAVE_SYS_TIME_H 1
| #define TIME_WITH_SYS_TIME 1
| #define HAVE_IN_PORT_T 1
| #define HAVE_SOCKLEN_T 1
| /* end confdefs.h.  */
| #include <stdio.h>
| 
| int
| main ()
| {
| static fpos_t ac_aggr;
| if (sizeof ac_aggr.__pos)
| return 0;
|   ;
|   return 0;
| }
configure:16869: result: no
configure:16991: checking that generated files are newer than configure
configure:16997: result: done
configure:17041: creating ./config.status

## ---------------------- ##
## Running config.status. ##
## ---------------------- ##

This file was extended by faac config.status 1.29.9.2, which was
generated by GNU Autoconf 2.69.  Invocation command line was

  CONFIG_FILES    = 
  CONFIG_HEADERS  = 
  CONFIG_LINKS    = 
  CONFIG_COMMANDS = 
  $ ./config.status 

on nongchengqideMacBook-Pro-2.local

config.status:1169: creating common/Makefile
config.status:1169: creating libfaac/Makefile
config.status:1169: creating frontend/Makefile
config.status:1169: creating include/Makefile
config.status:1169: creating Makefile
config.status:1169: creating config.h
config.status:1398: executing depfiles commands
config.status:1398: executing libtool commands

## ---------------- ##
## Cache variables. ##
## ---------------- ##

ac_cv_build=x86_64-apple-darwin21.5.0
ac_cv_c_bigendian=no
ac_cv_c_compiler_gnu=yes
ac_cv_cxx_compiler_gnu=yes
ac_cv_env_CCC_set=
ac_cv_env_CCC_value=
ac_cv_env_CC_set=
ac_cv_env_CC_value=
ac_cv_env_CFLAGS_set=
ac_cv_env_CFLAGS_value=
ac_cv_env_CPPFLAGS_set=
ac_cv_env_CPPFLAGS_value=
ac_cv_env_CPP_set=
ac_cv_env_CPP_value=
ac_cv_env_CXXCPP_set=
ac_cv_env_CXXCPP_value=
ac_cv_env_CXXFLAGS_set=
ac_cv_env_CXXFLAGS_value=
ac_cv_env_CXX_set=
ac_cv_env_CXX_value=
ac_cv_env_LDFLAGS_set=
ac_cv_env_LDFLAGS_value=
ac_cv_env_LIBS_set=
ac_cv_env_LIBS_value=
ac_cv_env_LT_SYS_LIBRARY_PATH_set=
ac_cv_env_LT_SYS_LIBRARY_PATH_value=
ac_cv_env_build_alias_set=
ac_cv_env_build_alias_value=
ac_cv_env_host_alias_set=
ac_cv_env_host_alias_value=
ac_cv_env_target_alias_set=
ac_cv_env_target_alias_value=
ac_cv_have_decl_memcpy=yes
ac_cv_have_decl_strcasecmp=yes
ac_cv_have_decl_strchr=yes
ac_cv_have_decl_strsep=yes
ac_cv_header_dlfcn_h=yes
ac_cv_header_float_h=yes
ac_cv_header_getopt_h=yes
ac_cv_header_immintrin_h=yes
ac_cv_header_inttypes_h=yes
ac_cv_header_mathf_h=no
ac_cv_header_memory_h=yes
ac_cv_header_stdc=yes
ac_cv_header_stdint_h=yes
ac_cv_header_stdlib_h=yes
ac_cv_header_string_h=yes
ac_cv_header_strings_h=yes
ac_cv_header_sys_stat_h=yes
ac_cv_header_sys_time_h=yes
ac_cv_header_sys_types_h=yes
ac_cv_header_time=yes
ac_cv_header_unistd_h=yes
ac_cv_host=x86_64-apple-darwin21.5.0
ac_cv_lib_gnugetopt_getopt_long=no
ac_cv_member_fpos_t___pos=no
ac_cv_objext=o
ac_cv_path_EGREP='/usr/bin/grep -E'
ac_cv_path_FGREP='/usr/bin/grep -F'
ac_cv_path_GREP=/usr/bin/grep
ac_cv_path_SED=/usr/bin/sed
ac_cv_path_install='/usr/bin/install -c'
ac_cv_path_lt_DD=/bin/dd
ac_cv_prog_AWK=awk
ac_cv_prog_CPP='gcc -E'
ac_cv_prog_CXXCPP='g++ -E'
ac_cv_prog_ac_ct_AR=ar
ac_cv_prog_ac_ct_CC=gcc
ac_cv_prog_ac_ct_CXX=g++
ac_cv_prog_ac_ct_DSYMUTIL=dsymutil
ac_cv_prog_ac_ct_LIPO=lipo
ac_cv_prog_ac_ct_NMEDIT=nmedit
ac_cv_prog_ac_ct_OBJDUMP=objdump
ac_cv_prog_ac_ct_OTOOL=otool
ac_cv_prog_ac_ct_RANLIB=ranlib
ac_cv_prog_ac_ct_STRIP=strip
ac_cv_prog_cc_c89=
ac_cv_prog_cc_g=yes
ac_cv_prog_cxx_g=yes
ac_cv_prog_make_make_set=yes
ac_cv_sys_file_offset_bits=no
ac_cv_sys_largefile_CC=no
ac_cv_type_in_port_t=yes
ac_cv_type_off_t=yes
ac_cv_type_socklen_t=yes
am_cv_CC_dependencies_compiler_type=gcc3
am_cv_CXX_dependencies_compiler_type=gcc3
am_cv_make_support_nested_variables=yes
am_cv_prog_cc_c_o=yes
lt_cv_apple_cc_single_mod=yes
lt_cv_ar_at_file=no
lt_cv_deplibs_check_method=pass_all
lt_cv_file_magic_cmd='$MAGIC_CMD'
lt_cv_file_magic_test_file=
lt_cv_ld_exported_symbols_list=yes
lt_cv_ld_force_load=yes
lt_cv_ld_reload_flag=-r
lt_cv_nm_interface='BSD nm'
lt_cv_objdir=.libs
lt_cv_path_LD=/Applications/Xcode.app/Contents/Developer/Toolchains/XcodeDefault.xctoolchain/usr/bin/ld
lt_cv_path_LDCXX=/Applications/Xcode.app/Contents/Developer/Toolchains/XcodeDefault.xctoolchain/usr/bin/ld
lt_cv_path_NM='/usr/bin/nm -B'
lt_cv_path_mainfest_tool=no
lt_cv_prog_compiler_c_o=yes
lt_cv_prog_compiler_c_o_CXX=yes
lt_cv_prog_compiler_pic='-fno-common -DPIC'
lt_cv_prog_compiler_pic_CXX='-fno-common -DPIC'
lt_cv_prog_compiler_pic_works=yes
lt_cv_prog_compiler_pic_works_CXX=yes
lt_cv_prog_compiler_rtti_exceptions=yes
lt_cv_prog_compiler_static_works=no
lt_cv_prog_compiler_static_works_CXX=no
lt_cv_prog_gnu_ld=no
lt_cv_prog_gnu_ldcxx=no
lt_cv_sharedlib_from_linklib_cmd='printf %s\n'
lt_cv_sys_global_symbol_pipe='sed -n -e '\''s/^.*[	 ]\([ABCDGIRSTW][ABCDGIRSTW]*\)[	 ][	 ]*_\([_A-Za-z][_A-Za-z0-9]*\)$/\1 _\2 \2/p'\'' | sed '\''/ __gnu_lto/d'\'''
lt_cv_sys_global_symbol_to_c_name_address='sed -n -e '\''s/^: \(.*\) .*$/  {"\1", (void *) 0},/p'\'' -e '\''s/^[ABCDGIRSTW][ABCDGIRSTW]* .* \(.*\)$/  {"\1", (void *) \&\1},/p'\'''
lt_cv_sys_global_symbol_to_c_name_address_lib_prefix='sed -n -e '\''s/^: \(.*\) .*$/  {"\1", (void *) 0},/p'\'' -e '\''s/^[ABCDGIRSTW][ABCDGIRSTW]* .* \(lib.*\)$/  {"\1", (void *) \&\1},/p'\'' -e '\''s/^[ABCDGIRSTW][ABCDGIRSTW]* .* \(.*\)$/  {"lib\1", (void *) \&\1},/p'\'''
lt_cv_sys_global_symbol_to_cdecl='sed -n -e '\''s/^T .* \(.*\)$/extern int \1();/p'\'' -e '\''s/^[ABCDGIRSTW][ABCDGIRSTW]* .* \(.*\)$/extern char \1;/p'\'''
lt_cv_sys_global_symbol_to_import=
lt_cv_sys_max_cmd_len=786432
lt_cv_to_host_file_cmd=func_convert_file_noop
lt_cv_to_tool_file_cmd=func_convert_file_noop
lt_cv_truncate_bin='/bin/dd bs=4096 count=1'

## ----------------- ##
## Output variables. ##
## ----------------- ##

ACLOCAL='${SHELL} /Users/nongchengqi/Downloads/faac-1.29.9.2/missing aclocal-1.15'
AMDEPBACKSLASH='\'
AMDEP_FALSE='#'
AMDEP_TRUE=''
AMTAR='$${TAR-tar}'
AM_BACKSLASH='\'
AM_DEFAULT_V='$(AM_DEFAULT_VERBOSITY)'
AM_DEFAULT_VERBOSITY='1'
AM_V='$(V)'
AR='ar'
AUTOCONF='${SHELL} /Users/nongchengqi/Downloads/faac-1.29.9.2/missing autoconf'
AUTOHEADER='${SHELL} /Users/nongchengqi/Downloads/faac-1.29.9.2/missing autoheader'
AUTOMAKE='${SHELL} /Users/nongchengqi/Downloads/faac-1.29.9.2/missing automake-1.15'
AWK='awk'
CC='gcc'
CCDEPMODE='depmode=gcc3'
CFLAGS='-O2 -Wall -fexceptions'
CPP='gcc -E'
CPPFLAGS=''
CPUSSE_FALSE='#'
CPUSSE_TRUE=''
CXX='g++'
CXXCPP='g++ -E'
CXXDEPMODE='depmode=gcc3'
CXXFLAGS='-g -O2'
CYGPATH_W='echo'
DEFS='-DHAVE_CONFIG_H'
DEPDIR='.deps'
DLLTOOL='false'
DSYMUTIL='dsymutil'
DUMPBIN=''
ECHO_C='\c'
ECHO_N=''
ECHO_T=''
EGREP='/usr/bin/grep -E'
EXEEXT=''
FGREP='/usr/bin/grep -F'
GREP='/usr/bin/grep'
INSTALL_DATA='${INSTALL} -m 644'
INSTALL_PROGRAM='${INSTALL}'
INSTALL_SCRIPT='${INSTALL}'
INSTALL_STRIP_PROGRAM='$(install_sh) -c -s'
LD='/Applications/Xcode.app/Contents/Developer/Toolchains/XcodeDefault.xctoolchain/usr/bin/ld'
LDFLAGS=''
LIBOBJS=''
LIBS=''
LIBTOOL='$(SHELL) $(top_builddir)/libtool'
LIPO='lipo'
LN_S='ln -s'
LTLIBOBJS=''
LT_SYS_LIBRARY_PATH=''
MAKEINFO='${SHELL} /Users/nongchengqi/Downloads/faac-1.29.9.2/missing makeinfo'
MANIFEST_TOOL=':'
MINGW_FALSE=''
MINGW_TRUE='#'
MKDIR_P='./install-sh -c -d'
NM='/usr/bin/nm -B'
NMEDIT='nmedit'
OBJDUMP='objdump'
OBJEXT='o'
OTOOL64=':'
OTOOL='otool'
PACKAGE='faac'
PACKAGE_BUGREPORT='https://sourceforge.net/p/faac/bugs/'
PACKAGE_NAME='faac'
PACKAGE_STRING='faac 1.29.9.2'
PACKAGE_TARNAME='faac'
PACKAGE_URL=''
PACKAGE_VERSION='1.29.9.2'
PATH_SEPARATOR=':'
RANLIB='ranlib'
SED='/usr/bin/sed'
SET_MAKE=''
SHELL='/bin/sh'
STRIP='strip'
USE_DRM_FALSE=''
USE_DRM_TRUE='#'
VERSION='1.29.9.2'
WINDRES=''
ac_ct_AR='ar'
ac_ct_CC='gcc'
ac_ct_CXX='g++'
ac_ct_DUMPBIN=''
am__EXEEXT_FALSE=''
am__EXEEXT_TRUE='#'
am__fastdepCC_FALSE='#'
am__fastdepCC_TRUE=''
am__fastdepCXX_FALSE='#'
am__fastdepCXX_TRUE=''
am__include='include'
am__isrc=''
am__leading_dot='.'
am__nodep='_no'
am__quote=''
am__tar='$${TAR-tar} chof - "$$tardir"'
am__untar='$${TAR-tar} xf -'
bindir='${exec_prefix}/bin'
build='x86_64-apple-darwin21.5.0'
build_alias=''
build_cpu='x86_64'
build_os='darwin21.5.0'
build_vendor='apple'
datadir='${datarootdir}'
datarootdir='${prefix}/share'
docdir='${datarootdir}/doc/${PACKAGE_TARNAME}'
dvidir='${docdir}'
exec_prefix='${prefix}'
host='x86_64-apple-darwin21.5.0'
host_alias=''
host_cpu='x86_64'
host_os='darwin21.5.0'
host_vendor='apple'
htmldir='${docdir}'
includedir='${prefix}/include'
infodir='${datarootdir}/info'
install_sh='${SHELL} /Users/nongchengqi/Downloads/faac-1.29.9.2/install-sh'
libdir='${exec_prefix}/lib'
libexecdir='${exec_prefix}/libexec'
localedir='${datarootdir}/locale'
localstatedir='${prefix}/var'
mandir='${datarootdir}/man'
mkdir_p='$(MKDIR_P)'
oldincludedir='/usr/include'
pdfdir='${docdir}'
prefix='/usr/local'
program_transform_name='s,x,x,'
psdir='${docdir}'
runstatedir='${localstatedir}/run'
sbindir='${exec_prefix}/sbin'
sharedstatedir='${prefix}/com'
sysconfdir='${prefix}/etc'
target_alias=''

## ----------- ##
## confdefs.h. ##
## ----------- ##

/* confdefs.h */
#define PACKAGE_NAME "faac"
#define PACKAGE_TARNAME "faac"
#define PACKAGE_VERSION "1.29.9.2"
#define PACKAGE_STRING "faac 1.29.9.2"
#define PACKAGE_BUGREPORT "https://sourceforge.net/p/faac/bugs/"
#define PACKAGE_URL ""
#define PACKAGE "faac"
#define VERSION "1.29.9.2"
#define STDC_HEADERS 1
#define HAVE_SYS_TYPES_H 1
#define HAVE_SYS_STAT_H 1
#define HAVE_STDLIB_H 1
#define HAVE_STRING_H 1
#define HAVE_MEMORY_H 1
#define HAVE_STRINGS_H 1
#define HAVE_INTTYPES_H 1
#define HAVE_STDINT_H 1
#define HAVE_UNISTD_H 1
#define HAVE_DLFCN_H 1
#define LT_OBJDIR ".libs/"
#define HAVE_GETOPT_H 1
#define HAVE_IMMINTRIN_H 1
#define HAVE_STRCASECMP 1
#define STDC_HEADERS 1
#define HAVE_STDINT_H 1
#define HAVE_INTTYPES_H 1
#define HAVE_FLOAT_H 1
#define HAVE_STRCHR 1
#define HAVE_MEMCPY 1
#define HAVE_STRSEP 1
#define HAVE_SYS_TIME_H 1
#define TIME_WITH_SYS_TIME 1
#define HAVE_IN_PORT_T 1
#define HAVE_SOCKLEN_T 1

configure: exit 0
